mode: set
github.com/rlnorthcutt/go-passwordless/config.go:36.29,44.2 1 1
github.com/rlnorthcutt/go-passwordless/config.go:48.34,52.16 3 1
github.com/rlnorthcutt/go-passwordless/config.go:52.16,53.50 1 0
github.com/rlnorthcutt/go-passwordless/config.go:55.2,55.30 1 1
github.com/rlnorthcutt/go-passwordless/onetimelogin.go:12.101,14.16 2 1
github.com/rlnorthcutt/go-passwordless/onetimelogin.go:14.16,16.3 1 0
github.com/rlnorthcutt/go-passwordless/onetimelogin.go:19.2,20.16 2 1
github.com/rlnorthcutt/go-passwordless/onetimelogin.go:20.16,22.3 1 0
github.com/rlnorthcutt/go-passwordless/onetimelogin.go:25.2,30.16 4 1
github.com/rlnorthcutt/go-passwordless/onetimelogin.go:30.16,32.3 1 0
github.com/rlnorthcutt/go-passwordless/onetimelogin.go:34.2,39.32 5 1
github.com/rlnorthcutt/go-passwordless/onetimelogin.go:43.100,45.16 2 1
github.com/rlnorthcutt/go-passwordless/onetimelogin.go:45.16,47.3 1 1
github.com/rlnorthcutt/go-passwordless/onetimelogin.go:50.2,53.37 3 1
github.com/rlnorthcutt/go-passwordless/onetimelogin.go:53.37,55.49 2 1
github.com/rlnorthcutt/go-passwordless/onetimelogin.go:55.49,58.4 2 0
github.com/rlnorthcutt/go-passwordless/onetimelogin.go:59.3,60.49 2 1
github.com/rlnorthcutt/go-passwordless/onetimelogin.go:64.2,65.18 2 1
github.com/rlnorthcutt/go-passwordless/passwordless.go:24.69,30.2 1 1
github.com/rlnorthcutt/go-passwordless/passwordless.go:33.91,35.25 1 1
github.com/rlnorthcutt/go-passwordless/passwordless.go:35.25,37.3 1 1
github.com/rlnorthcutt/go-passwordless/passwordless.go:38.2,38.26 1 1
github.com/rlnorthcutt/go-passwordless/passwordless.go:38.26,40.3 1 1
github.com/rlnorthcutt/go-passwordless/passwordless.go:41.2,41.28 1 1
github.com/rlnorthcutt/go-passwordless/passwordless.go:41.28,43.3 1 0
github.com/rlnorthcutt/go-passwordless/passwordless.go:44.2,44.27 1 1
github.com/rlnorthcutt/go-passwordless/passwordless.go:44.27,46.3 1 1
github.com/rlnorthcutt/go-passwordless/passwordless.go:47.2,47.32 1 1
github.com/rlnorthcutt/go-passwordless/passwordless.go:47.32,49.3 1 1
github.com/rlnorthcutt/go-passwordless/passwordless.go:51.2,56.3 1 1
github.com/rlnorthcutt/go-passwordless/passwordless.go:61.85,64.16 2 1
github.com/rlnorthcutt/go-passwordless/passwordless.go:64.16,66.3 1 0
github.com/rlnorthcutt/go-passwordless/passwordless.go:69.2,84.48 4 1
github.com/rlnorthcutt/go-passwordless/passwordless.go:84.48,86.3 1 0
github.com/rlnorthcutt/go-passwordless/passwordless.go:89.2,89.63 1 1
github.com/rlnorthcutt/go-passwordless/passwordless.go:89.63,93.3 2 0
github.com/rlnorthcutt/go-passwordless/passwordless.go:95.2,95.21 1 1
github.com/rlnorthcutt/go-passwordless/passwordless.go:99.88,101.16 2 1
github.com/rlnorthcutt/go-passwordless/passwordless.go:101.16,103.3 1 1
github.com/rlnorthcutt/go-passwordless/passwordless.go:106.2,106.37 1 1
github.com/rlnorthcutt/go-passwordless/passwordless.go:106.37,109.3 2 0
github.com/rlnorthcutt/go-passwordless/passwordless.go:112.2,113.45 2 1
github.com/rlnorthcutt/go-passwordless/passwordless.go:113.45,115.49 2 1
github.com/rlnorthcutt/go-passwordless/passwordless.go:115.49,118.4 2 0
github.com/rlnorthcutt/go-passwordless/passwordless.go:120.3,122.43 3 1
github.com/rlnorthcutt/go-passwordless/passwordless.go:126.2,127.18 2 1
github.com/rlnorthcutt/go-passwordless/passwordless.go:131.76,133.42 2 1
github.com/rlnorthcutt/go-passwordless/passwordless.go:133.42,135.3 1 0
github.com/rlnorthcutt/go-passwordless/passwordless.go:136.2,137.30 2 1
github.com/rlnorthcutt/go-passwordless/passwordless.go:137.30,139.3 1 1
github.com/rlnorthcutt/go-passwordless/passwordless.go:140.2,140.25 1 1
github.com/rlnorthcutt/go-passwordless/store/session/cookie_store.go:22.103,26.2 3 1
github.com/rlnorthcutt/go-passwordless/store/session/cookie_store.go:36.52,42.2 1 1
github.com/rlnorthcutt/go-passwordless/store/session/cookie_store.go:45.74,47.16 2 1
github.com/rlnorthcutt/go-passwordless/store/session/cookie_store.go:47.16,49.3 1 0
github.com/rlnorthcutt/go-passwordless/store/session/cookie_store.go:51.2,61.31 4 1
github.com/rlnorthcutt/go-passwordless/store/session/cookie_store.go:65.90,67.16 2 1
github.com/rlnorthcutt/go-passwordless/store/session/cookie_store.go:67.16,69.3 1 0
github.com/rlnorthcutt/go-passwordless/store/session/cookie_store.go:71.2,72.16 2 1
github.com/rlnorthcutt/go-passwordless/store/session/cookie_store.go:72.16,74.3 1 0
github.com/rlnorthcutt/go-passwordless/store/session/cookie_store.go:76.2,77.16 2 1
github.com/rlnorthcutt/go-passwordless/store/session/cookie_store.go:77.16,80.3 1 1
github.com/rlnorthcutt/go-passwordless/store/session/cookie_store.go:81.2,81.17 1 1
github.com/rlnorthcutt/go-passwordless/store/session/cookie_store.go:85.88,87.16 2 1
github.com/rlnorthcutt/go-passwordless/store/session/cookie_store.go:87.16,89.3 1 0
github.com/rlnorthcutt/go-passwordless/store/session/cookie_store.go:92.2,92.35 1 1
github.com/rlnorthcutt/go-passwordless/store/session/cookie_store.go:92.35,96.3 3 0
github.com/rlnorthcutt/go-passwordless/store/session/cookie_store.go:99.2,99.38 1 1
github.com/rlnorthcutt/go-passwordless/store/session/cookie_store.go:103.74,105.2 1 1
github.com/rlnorthcutt/go-passwordless/store/session/file_store.go:21.61,23.49 1 1
github.com/rlnorthcutt/go-passwordless/store/session/file_store.go:23.49,24.56 1 1
github.com/rlnorthcutt/go-passwordless/store/session/file_store.go:24.56,26.4 1 0
github.com/rlnorthcutt/go-passwordless/store/session/file_store.go:29.2,36.3 3 1
github.com/rlnorthcutt/go-passwordless/store/session/file_store.go:40.72,42.16 2 1
github.com/rlnorthcutt/go-passwordless/store/session/file_store.go:42.16,44.3 1 0
github.com/rlnorthcutt/go-passwordless/store/session/file_store.go:46.2,56.31 4 1
github.com/rlnorthcutt/go-passwordless/store/session/file_store.go:60.88,62.16 2 1
github.com/rlnorthcutt/go-passwordless/store/session/file_store.go:62.16,64.3 1 0
github.com/rlnorthcutt/go-passwordless/store/session/file_store.go:66.2,67.16 2 1
github.com/rlnorthcutt/go-passwordless/store/session/file_store.go:67.16,69.3 1 0
github.com/rlnorthcutt/go-passwordless/store/session/file_store.go:71.2,72.16 2 1
github.com/rlnorthcutt/go-passwordless/store/session/file_store.go:72.16,75.3 1 1
github.com/rlnorthcutt/go-passwordless/store/session/file_store.go:76.2,76.17 1 1
github.com/rlnorthcutt/go-passwordless/store/session/file_store.go:80.86,82.16 2 1
github.com/rlnorthcutt/go-passwordless/store/session/file_store.go:82.16,84.3 1 0
github.com/rlnorthcutt/go-passwordless/store/session/file_store.go:87.2,87.35 1 1
github.com/rlnorthcutt/go-passwordless/store/session/file_store.go:87.35,91.3 3 0
github.com/rlnorthcutt/go-passwordless/store/session/file_store.go:94.2,94.38 1 1
github.com/rlnorthcutt/go-passwordless/store/session/file_store.go:98.72,100.2 1 1
github.com/rlnorthcutt/go-passwordless/store/session/session_helpers.go:14.97,17.22 3 1
github.com/rlnorthcutt/go-passwordless/store/session/session_helpers.go:17.22,19.3 1 0
github.com/rlnorthcutt/go-passwordless/store/session/session_helpers.go:20.2,20.22 1 1
github.com/rlnorthcutt/go-passwordless/store/session/session_helpers.go:24.67,31.2 6 1
github.com/rlnorthcutt/go-passwordless/store/session/session_helpers.go:34.87,35.42 1 1
github.com/rlnorthcutt/go-passwordless/store/session/session_helpers.go:35.42,37.3 1 1
github.com/rlnorthcutt/go-passwordless/store/session/session_helpers.go:39.2,40.9 2 1
github.com/rlnorthcutt/go-passwordless/store/session/session_helpers.go:40.9,42.3 1 0
github.com/rlnorthcutt/go-passwordless/store/session/session_helpers.go:43.2,43.51 1 1
github.com/rlnorthcutt/go-passwordless/store/session/session_helpers.go:43.51,45.3 1 0
github.com/rlnorthcutt/go-passwordless/store/session/session_helpers.go:47.2,54.8 1 1
github.com/rlnorthcutt/go-passwordless/store/session/session_helpers.go:58.97,60.16 2 1
github.com/rlnorthcutt/go-passwordless/store/session/session_helpers.go:60.16,62.3 1 0
github.com/rlnorthcutt/go-passwordless/store/session/session_helpers.go:64.2,65.42 2 1
github.com/rlnorthcutt/go-passwordless/store/session/session_helpers.go:65.42,67.3 1 1
github.com/rlnorthcutt/go-passwordless/store/session/session_helpers.go:69.2,73.12 4 1
github.com/rlnorthcutt/go-passwordless/mocksmtp/mock_smtp.go:10.39,11.12 1 1
github.com/rlnorthcutt/go-passwordless/mocksmtp/mock_smtp.go:11.12,13.17 2 1
github.com/rlnorthcutt/go-passwordless/mocksmtp/mock_smtp.go:13.17,15.4 1 0
github.com/rlnorthcutt/go-passwordless/mocksmtp/mock_smtp.go:16.3,20.7 3 1
github.com/rlnorthcutt/go-passwordless/mocksmtp/mock_smtp.go:20.7,22.18 2 1
github.com/rlnorthcutt/go-passwordless/mocksmtp/mock_smtp.go:22.18,24.13 2 0
github.com/rlnorthcutt/go-passwordless/mocksmtp/mock_smtp.go:26.4,26.33 1 1
github.com/rlnorthcutt/go-passwordless/mocksmtp/mock_smtp.go:31.42,36.6 4 1
github.com/rlnorthcutt/go-passwordless/mocksmtp/mock_smtp.go:36.6,38.17 2 1
github.com/rlnorthcutt/go-passwordless/mocksmtp/mock_smtp.go:38.17,40.4 1 1
github.com/rlnorthcutt/go-passwordless/mocksmtp/mock_smtp.go:42.3,45.10 3 1
github.com/rlnorthcutt/go-passwordless/mocksmtp/mock_smtp.go:46.39,47.39 1 1
github.com/rlnorthcutt/go-passwordless/mocksmtp/mock_smtp.go:48.45,49.36 1 1
github.com/rlnorthcutt/go-passwordless/mocksmtp/mock_smtp.go:50.43,51.36 1 1
github.com/rlnorthcutt/go-passwordless/mocksmtp/mock_smtp.go:52.39,53.65 1 1
github.com/rlnorthcutt/go-passwordless/mocksmtp/mock_smtp.go:54.36,55.50 1 1
github.com/rlnorthcutt/go-passwordless/mocksmtp/mock_smtp.go:56.39,58.10 2 1
github.com/rlnorthcutt/go-passwordless/mocksmtp/mock_smtp.go:59.11,60.54 1 0
github.com/rlnorthcutt/go-passwordless/transport/log_transport.go:14.85,16.9 1 1
github.com/rlnorthcutt/go-passwordless/transport/log_transport.go:17.20,19.19 1 1
github.com/rlnorthcutt/go-passwordless/transport/log_transport.go:20.10,20.10 0 1
github.com/rlnorthcutt/go-passwordless/transport/log_transport.go:23.2,24.12 2 1
github.com/rlnorthcutt/go-passwordless/transport/smtp_transport.go:17.79,24.9 3 1
github.com/rlnorthcutt/go-passwordless/transport/smtp_transport.go:25.20,26.19 1 0
github.com/rlnorthcutt/go-passwordless/transport/smtp_transport.go:27.10,27.10 0 1
github.com/rlnorthcutt/go-passwordless/transport/smtp_transport.go:30.2,30.63 1 1
github.com/rlnorthcutt/go-passwordless/store/db_store.go:17.56,22.2 1 1
github.com/rlnorthcutt/go-passwordless/store/db_store.go:25.63,38.16 3 1
github.com/rlnorthcutt/go-passwordless/store/db_store.go:38.16,40.3 1 0
github.com/rlnorthcutt/go-passwordless/store/db_store.go:41.2,41.12 1 1
github.com/rlnorthcutt/go-passwordless/store/db_store.go:46.79,60.16 4 1
github.com/rlnorthcutt/go-passwordless/store/db_store.go:60.16,61.36 1 1
github.com/rlnorthcutt/go-passwordless/store/db_store.go:61.36,63.4 1 1
github.com/rlnorthcutt/go-passwordless/store/db_store.go:64.3,64.52 1 0
github.com/rlnorthcutt/go-passwordless/store/db_store.go:68.2,68.26 1 1
github.com/rlnorthcutt/go-passwordless/store/db_store.go:68.26,71.3 2 0
github.com/rlnorthcutt/go-passwordless/store/db_store.go:73.2,73.18 1 1
github.com/rlnorthcutt/go-passwordless/store/db_store.go:77.83,79.16 2 1
github.com/rlnorthcutt/go-passwordless/store/db_store.go:79.16,81.3 1 0
github.com/rlnorthcutt/go-passwordless/store/db_store.go:83.2,83.29 1 1
github.com/rlnorthcutt/go-passwordless/store/db_store.go:83.29,85.3 1 0
github.com/rlnorthcutt/go-passwordless/store/db_store.go:88.2,88.47 1 1
github.com/rlnorthcutt/go-passwordless/store/db_store.go:88.47,90.3 1 0
github.com/rlnorthcutt/go-passwordless/store/db_store.go:91.2,91.18 1 1
github.com/rlnorthcutt/go-passwordless/store/db_store.go:95.69,98.16 3 1
github.com/rlnorthcutt/go-passwordless/store/db_store.go:98.16,100.3 1 0
github.com/rlnorthcutt/go-passwordless/store/db_store.go:101.2,101.12 1 1
github.com/rlnorthcutt/go-passwordless/store/mem_store.go:15.30,19.2 1 1
github.com/rlnorthcutt/go-passwordless/store/mem_store.go:21.64,22.9 1 1
github.com/rlnorthcutt/go-passwordless/store/mem_store.go:23.20,24.19 1 0
github.com/rlnorthcutt/go-passwordless/store/mem_store.go:25.10,25.10 0 1
github.com/rlnorthcutt/go-passwordless/store/mem_store.go:28.2,31.12 4 1
github.com/rlnorthcutt/go-passwordless/store/mem_store.go:34.80,35.9 1 1
github.com/rlnorthcutt/go-passwordless/store/mem_store.go:36.20,37.24 1 0
github.com/rlnorthcutt/go-passwordless/store/mem_store.go:38.10,38.10 0 1
github.com/rlnorthcutt/go-passwordless/store/mem_store.go:41.2,45.9 4 1
github.com/rlnorthcutt/go-passwordless/store/mem_store.go:45.9,47.3 1 1
github.com/rlnorthcutt/go-passwordless/store/mem_store.go:49.2,49.37 1 1
github.com/rlnorthcutt/go-passwordless/store/mem_store.go:49.37,52.3 2 0
github.com/rlnorthcutt/go-passwordless/store/mem_store.go:54.2,54.18 1 1
github.com/rlnorthcutt/go-passwordless/store/mem_store.go:57.84,58.9 1 1
github.com/rlnorthcutt/go-passwordless/store/mem_store.go:59.20,60.26 1 0
github.com/rlnorthcutt/go-passwordless/store/mem_store.go:61.10,61.10 0 1
github.com/rlnorthcutt/go-passwordless/store/mem_store.go:64.2,68.9 4 1
github.com/rlnorthcutt/go-passwordless/store/mem_store.go:68.9,70.3 1 1
github.com/rlnorthcutt/go-passwordless/store/mem_store.go:72.2,72.26 1 1
github.com/rlnorthcutt/go-passwordless/store/mem_store.go:72.26,75.3 2 1
github.com/rlnorthcutt/go-passwordless/store/mem_store.go:77.2,77.30 1 1
github.com/rlnorthcutt/go-passwordless/store/mem_store.go:77.30,79.3 1 0
github.com/rlnorthcutt/go-passwordless/store/mem_store.go:82.2,83.18 2 1
github.com/rlnorthcutt/go-passwordless/store/mem_store.go:86.70,87.9 1 1
github.com/rlnorthcutt/go-passwordless/store/mem_store.go:88.20,89.19 1 0
github.com/rlnorthcutt/go-passwordless/store/mem_store.go:90.10,90.10 0 1
github.com/rlnorthcutt/go-passwordless/store/mem_store.go:93.2,97.12 4 1
github.com/rlnorthcutt/go-passwordless/store/store.go:38.38,40.2 1 1
github.com/rlnorthcutt/go-passwordless/store/store.go:43.48,47.2 2 1
